Flow report for hierarquico
Thu Mar  2 22:16:34 2017
Quartus Prime Version 15.1.0 Build 185 10/21/2015 SJ Lite Edition


---------------------
; Table of Contents ;
---------------------
  1. Legal Notice
  2. Flow Summary
  3. Flow Settings
  4. Flow Non-Default Global Settings
  5. Flow Elapsed Time
  6. Flow OS Summary
  7. Flow Log
  8. Flow Messages
  9. Flow Suppressed Messages



----------------
; Legal Notice ;
----------------
Copyright (C) 1991-2015 Altera Corporation. All rights reserved.
Your use of Altera Corporation's design tools, logic functions 
and other software and tools, and its AMPP partner logic 
functions, and any output files from any of the foregoing 
(including device programming or simulation files), and any 
associated documentation or information are expressly subject 
to the terms and conditions of the Altera Program License 
Subscription Agreement, the Altera Quartus Prime License Agreement,
the Altera MegaCore Function License Agreement, or other 
applicable license agreement, including, without limitation, 
that your use is for the sole purpose of programming logic 
devices manufactured by Altera and sold by Altera or its 
authorized distributors.  Please refer to the applicable 
agreement for further details.



+-------------------------------------------------------------------------------+
; Flow Summary                                                                  ;
+---------------------------------+---------------------------------------------+
; Flow Status                     ; Successful - Thu Mar  2 22:16:34 2017       ;
; Quartus Prime Version           ; 15.1.0 Build 185 10/21/2015 SJ Lite Edition ;
; Revision Name                   ; hierarquico                                 ;
; Top-level Entity Name           ; hierarquico                                 ;
; Family                          ; Cyclone V                                   ;
; Device                          ; 5CEBA4F17C7                                 ;
; Timing Models                   ; Final                                       ;
; Logic utilization (in ALMs)     ; 21 / 18,480 ( < 1 % )                       ;
; Total registers                 ; 45                                          ;
; Total pins                      ; 36 / 128 ( 28 % )                           ;
; Total virtual pins              ; 0                                           ;
; Total block memory bits         ; 0 / 3,153,920 ( 0 % )                       ;
; Total DSP Blocks                ; 0 / 66 ( 0 % )                              ;
; Total HSSI RX PCSs              ; 0                                           ;
; Total HSSI PMA RX Deserializers ; 0                                           ;
; Total HSSI TX PCSs              ; 0                                           ;
; Total HSSI PMA TX Serializers   ; 0                                           ;
; Total PLLs                      ; 0 / 4 ( 0 % )                               ;
; Total DLLs                      ; 0 / 4 ( 0 % )                               ;
+---------------------------------+---------------------------------------------+


+-----------------------------------------+
; Flow Settings                           ;
+-------------------+---------------------+
; Option            ; Setting             ;
+-------------------+---------------------+
; Start date & time ; 03/02/2017 22:14:46 ;
; Main task         ; Compilation         ;
; Revision Name     ; hierarquico         ;
+-------------------+---------------------+


+-------------------------------------------------------------------------------------------------------------+
; Flow Non-Default Global Settings                                                                            ;
+-------------------------------------+------------------------+---------------+-------------+----------------+
; Assignment Name                     ; Value                  ; Default Value ; Entity Name ; Section Id     ;
+-------------------------------------+------------------------+---------------+-------------+----------------+
; COMPILER_SIGNATURE_ID               ; 0.148850368605193      ; --            ; --          ; --             ;
; EDA_OUTPUT_DATA_FORMAT              ; Vhdl                   ; --            ; --          ; eda_simulation ;
; EDA_SIMULATION_TOOL                 ; ModelSim-Altera (VHDL) ; <None>        ; --          ; --             ;
; MAX_CORE_JUNCTION_TEMP              ; 85                     ; --            ; --          ; --             ;
; MIN_CORE_JUNCTION_TEMP              ; 0                      ; --            ; --          ; --             ;
; PARTITION_COLOR                     ; 16764057               ; --            ; --          ; Top            ;
; PARTITION_FITTER_PRESERVATION_LEVEL ; PLACEMENT_AND_ROUTING  ; --            ; --          ; Top            ;
; PARTITION_NETLIST_TYPE              ; SOURCE                 ; --            ; --          ; Top            ;
; PROJECT_OUTPUT_DIRECTORY            ; output_files           ; --            ; --          ; --             ;
+-------------------------------------+------------------------+---------------+-------------+----------------+


+-------------------------------------------------------------------------------------------------------------------------------+
; Flow Elapsed Time                                                                                                             ;
+---------------------------+--------------+-------------------------+---------------------+------------------------------------+
; Module Name               ; Elapsed Time ; Average Processors Used ; Peak Virtual Memory ; Total CPU Time (on all processors) ;
+---------------------------+--------------+-------------------------+---------------------+------------------------------------+
; Analysis & Synthesis      ; 00:00:18     ; 1.0                     ; 1234 MB             ; 00:00:25                           ;
; Fitter                    ; 00:00:38     ; 1.0                     ; 1921 MB             ; 00:00:40                           ;
; Assembler                 ; 00:00:07     ; 1.0                     ; 1132 MB             ; 00:00:07                           ;
; TimeQuest Timing Analyzer ; 00:00:11     ; 1.0                     ; 1322 MB             ; 00:00:11                           ;
; EDA Netlist Writer        ; 00:00:02     ; 1.0                     ; 1326 MB             ; 00:00:02                           ;
; Total                     ; 00:01:16     ; --                      ; --                  ; 00:01:25                           ;
+---------------------------+--------------+-------------------------+---------------------+------------------------------------+


+------------------------------------------------------------------------------------------------+
; Flow OS Summary                                                                                ;
+---------------------------+-----------------------+--------------+------------+----------------+
; Module Name               ; Machine Hostname      ; OS Name      ; OS Version ; Processor type ;
+---------------------------+-----------------------+--------------+------------+----------------+
; Analysis & Synthesis      ; danzambuja-VirtualBox ; Ubuntu 16.10 ; 16         ; x86_64         ;
; Fitter                    ; danzambuja-VirtualBox ; Ubuntu 16.10 ; 16         ; x86_64         ;
; Assembler                 ; danzambuja-VirtualBox ; Ubuntu 16.10 ; 16         ; x86_64         ;
; TimeQuest Timing Analyzer ; danzambuja-VirtualBox ; Ubuntu 16.10 ; 16         ; x86_64         ;
; EDA Netlist Writer        ; danzambuja-VirtualBox ; Ubuntu 16.10 ; 16         ; x86_64         ;
+---------------------------+-----------------------+--------------+------------+----------------+


------------
; Flow Log ;
------------
quartus_map --read_settings_files=on --write_settings_files=off hierarquico -c hierarquico
quartus_fit --read_settings_files=off --write_settings_files=off hierarquico -c hierarquico
quartus_asm --read_settings_files=off --write_settings_files=off hierarquico -c hierarquico
quartus_sta hierarquico -c hierarquico
quartus_eda --read_settings_files=off --write_settings_files=off hierarquico -c hierarquico



