Analysis & Synthesis report for hierarquico
Thu Mar  2 22:06:57 2017
Quartus Prime Version 15.1.0 Build 185 10/21/2015 SJ Lite Edition


---------------------
; Table of Contents ;
---------------------
  1. Legal Notice
  2. Analysis & Synthesis Summary
  3. Analysis & Synthesis Settings
  4. Parallel Compilation
  5. Analysis & Synthesis Source Files Read
  6. Analysis & Synthesis Resource Usage Summary
  7. Analysis & Synthesis Resource Utilization by Entity
  8. State Machine - |hierarquico|controlador:C1|Ereg
  9. State Machine - |hierarquico|medidor:A1|controle:C1|Ereg
 10. Registers Removed During Synthesis
 11. General Register Statistics
 12. Multiplexer Restructuring Statistics (Restructuring Performed)
 13. Port Connectivity Checks: "hex7seg_en:Dsoma"
 14. Port Connectivity Checks: "hex7seg_en:Ds_medida"
 15. Port Connectivity Checks: "hex7seg_en:Dmedida"
 16. Port Connectivity Checks: "SomadorBCD:S1|Somador4bits_comportamental:s2"
 17. Port Connectivity Checks: "SomadorBCD:S1"
 18. Port Connectivity Checks: "medidor:A1|V74x163:D2"
 19. Port Connectivity Checks: "medidor:A1"
 20. Post-Synthesis Netlist Statistics for Top Partition
 21. Elapsed Time Per Partition
 22. Analysis & Synthesis Messages



----------------
; Legal Notice ;
----------------
Copyright (C) 1991-2015 Altera Corporation. All rights reserved.
Your use of Altera Corporation's design tools, logic functions 
and other software and tools, and its AMPP partner logic 
functions, and any output files from any of the foregoing 
(including device programming or simulation files), and any 
associated documentation or information are expressly subject 
to the terms and conditions of the Altera Program License 
Subscription Agreement, the Altera Quartus Prime License Agreement,
the Altera MegaCore Function License Agreement, or other 
applicable license agreement, including, without limitation, 
that your use is for the sole purpose of programming logic 
devices manufactured by Altera and sold by Altera or its 
authorized distributors.  Please refer to the applicable 
agreement for further details.



+-------------------------------------------------------------------------------+
; Analysis & Synthesis Summary                                                  ;
+---------------------------------+---------------------------------------------+
; Analysis & Synthesis Status     ; Successful - Thu Mar  2 22:06:57 2017       ;
; Quartus Prime Version           ; 15.1.0 Build 185 10/21/2015 SJ Lite Edition ;
; Revision Name                   ; hierarquico                                 ;
; Top-level Entity Name           ; hierarquico                                 ;
; Family                          ; Cyclone V                                   ;
; Logic utilization (in ALMs)     ; N/A                                         ;
; Total registers                 ; 32                                          ;
; Total pins                      ; 49                                          ;
; Total virtual pins              ; 0                                           ;
; Total block memory bits         ; 0                                           ;
; Total DSP Blocks                ; 0                                           ;
; Total HSSI RX PCSs              ; 0                                           ;
; Total HSSI PMA RX Deserializers ; 0                                           ;
; Total HSSI TX PCSs              ; 0                                           ;
; Total HSSI PMA TX Serializers   ; 0                                           ;
; Total PLLs                      ; 0                                           ;
; Total DLLs                      ; 0                                           ;
+---------------------------------+---------------------------------------------+


+---------------------------------------------------------------------------------------------------------------------------+
; Analysis & Synthesis Settings                                                                                             ;
+---------------------------------------------------------------------------------+--------------------+--------------------+
; Option                                                                          ; Setting            ; Default Value      ;
+---------------------------------------------------------------------------------+--------------------+--------------------+
; Device                                                                          ; 5CEBA4F23C7        ;                    ;
; Top-level entity name                                                           ; hierarquico        ; hierarquico        ;
; Family name                                                                     ; Cyclone V          ; Cyclone V          ;
; Use smart compilation                                                           ; Off                ; Off                ;
; Enable parallel Assembler and TimeQuest Timing Analyzer during compilation      ; On                 ; On                 ;
; Enable compact report table                                                     ; Off                ; Off                ;
; Restructure Multiplexers                                                        ; Auto               ; Auto               ;
; MLAB Add Timing Constraints For Mixed-Port Feed-Through Mode Setting Don't Care ; Off                ; Off                ;
; Create Debugging Nodes for IP Cores                                             ; Off                ; Off                ;
; Preserve fewer node names                                                       ; On                 ; On                 ;
; Disable OpenCore Plus hardware evaluation                                       ; Off                ; Off                ;
; Verilog Version                                                                 ; Verilog_2001       ; Verilog_2001       ;
; VHDL Version                                                                    ; VHDL_1993          ; VHDL_1993          ;
; State Machine Processing                                                        ; Auto               ; Auto               ;
; Safe State Machine                                                              ; Off                ; Off                ;
; Extract Verilog State Machines                                                  ; On                 ; On                 ;
; Extract VHDL State Machines                                                     ; On                 ; On                 ;
; Ignore Verilog initial constructs                                               ; Off                ; Off                ;
; Iteration limit for constant Verilog loops                                      ; 5000               ; 5000               ;
; Iteration limit for non-constant Verilog loops                                  ; 250                ; 250                ;
; Add Pass-Through Logic to Inferred RAMs                                         ; On                 ; On                 ;
; Infer RAMs from Raw Logic                                                       ; On                 ; On                 ;
; Parallel Synthesis                                                              ; On                 ; On                 ;
; DSP Block Balancing                                                             ; Auto               ; Auto               ;
; NOT Gate Push-Back                                                              ; On                 ; On                 ;
; Power-Up Don't Care                                                             ; On                 ; On                 ;
; Remove Redundant Logic Cells                                                    ; Off                ; Off                ;
; Remove Duplicate Registers                                                      ; On                 ; On                 ;
; Ignore CARRY Buffers                                                            ; Off                ; Off                ;
; Ignore CASCADE Buffers                                                          ; Off                ; Off                ;
; Ignore GLOBAL Buffers                                                           ; Off                ; Off                ;
; Ignore ROW GLOBAL Buffers                                                       ; Off                ; Off                ;
; Ignore LCELL Buffers                                                            ; Off                ; Off                ;
; Ignore SOFT Buffers                                                             ; On                 ; On                 ;
; Limit AHDL Integers to 32 Bits                                                  ; Off                ; Off                ;
; Optimization Technique                                                          ; Balanced           ; Balanced           ;
; Carry Chain Length                                                              ; 70                 ; 70                 ;
; Auto Carry Chains                                                               ; On                 ; On                 ;
; Auto Open-Drain Pins                                                            ; On                 ; On                 ;
; Perform WYSIWYG Primitive Resynthesis                                           ; Off                ; Off                ;
; Auto ROM Replacement                                                            ; On                 ; On                 ;
; Auto RAM Replacement                                                            ; On                 ; On                 ;
; Auto DSP Block Replacement                                                      ; On                 ; On                 ;
; Auto Shift Register Replacement                                                 ; Auto               ; Auto               ;
; Allow Shift Register Merging across Hierarchies                                 ; Auto               ; Auto               ;
; Auto Clock Enable Replacement                                                   ; On                 ; On                 ;
; Strict RAM Replacement                                                          ; Off                ; Off                ;
; Allow Synchronous Control Signals                                               ; On                 ; On                 ;
; Force Use of Synchronous Clear Signals                                          ; Off                ; Off                ;
; Auto Resource Sharing                                                           ; Off                ; Off                ;
; Allow Any RAM Size For Recognition                                              ; Off                ; Off                ;
; Allow Any ROM Size For Recognition                                              ; Off                ; Off                ;
; Allow Any Shift Register Size For Recognition                                   ; Off                ; Off                ;
; Use LogicLock Constraints during Resource Balancing                             ; On                 ; On                 ;
; Ignore translate_off and synthesis_off directives                               ; Off                ; Off                ;
; Timing-Driven Synthesis                                                         ; On                 ; On                 ;
; Report Parameter Settings                                                       ; On                 ; On                 ;
; Report Source Assignments                                                       ; On                 ; On                 ;
; Report Connectivity Checks                                                      ; On                 ; On                 ;
; Ignore Maximum Fan-Out Assignments                                              ; Off                ; Off                ;
; Synchronization Register Chain Length                                           ; 3                  ; 3                  ;
; PowerPlay Power Optimization During Synthesis                                   ; Normal compilation ; Normal compilation ;
; HDL message level                                                               ; Level2             ; Level2             ;
; Suppress Register Optimization Related Messages                                 ; Off                ; Off                ;
; Number of Removed Registers Reported in Synthesis Report                        ; 5000               ; 5000               ;
; Number of Swept Nodes Reported in Synthesis Report                              ; 5000               ; 5000               ;
; Number of Inverted Registers Reported in Synthesis Report                       ; 100                ; 100                ;
; Clock MUX Protection                                                            ; On                 ; On                 ;
; Auto Gated Clock Conversion                                                     ; Off                ; Off                ;
; Block Design Naming                                                             ; Auto               ; Auto               ;
; SDC constraint protection                                                       ; Off                ; Off                ;
; Synthesis Effort                                                                ; Auto               ; Auto               ;
; Shift Register Replacement - Allow Asynchronous Clear Signal                    ; On                 ; On                 ;
; Pre-Mapping Resynthesis Optimization                                            ; Off                ; Off                ;
; Analysis & Synthesis Message Level                                              ; Medium             ; Medium             ;
; Disable Register Merging Across Hierarchies                                     ; Auto               ; Auto               ;
; Resource Aware Inference For Block RAM                                          ; On                 ; On                 ;
; Synthesis Seed                                                                  ; 1                  ; 1                  ;
; Automatic Parallel Synthesis                                                    ; On                 ; On                 ;
; Partial Reconfiguration Bitstream ID                                            ; Off                ; Off                ;
+---------------------------------------------------------------------------------+--------------------+--------------------+


Parallel compilation was disabled, but you have multiple processors available. Enable parallel compilation to reduce compilation time.
+-------------------------------------+
; Parallel Compilation                ;
+----------------------------+--------+
; Processors                 ; Number ;
+----------------------------+--------+
; Number detected on machine ; 2      ;
; Maximum allowed            ; 1      ;
+----------------------------+--------+


+----------------------------------------------------------------------------------------------------------------------------------------------------------------------------------+
; Analysis & Synthesis Source Files Read                                                                                                                                           ;
+----------------------------------+-----------------+-----------------------+-------------------------------------------------------------------------------------------+---------+
; File Name with User-Entered Path ; Used in Netlist ; File Type             ; File Name with Absolute Path                                                              ; Library ;
+----------------------------------+-----------------+-----------------------+-------------------------------------------------------------------------------------------+---------+
; hierarquico.vhd                  ; yes             ; User VHDL File        ; /home/danzambuja/Quartus/Projetos/P1/hierarquico_restored/hierarquico.vhd                 ;         ;
; controlador.vhd                  ; yes             ; User VHDL File        ; /home/danzambuja/Quartus/Projetos/P1/hierarquico_restored/controlador.vhd                 ;         ;
; ../hex7seg_en.vhd                ; yes             ; User VHDL File        ; /home/danzambuja/Quartus/Projetos/P1/hex7seg_en.vhd                                       ;         ;
; medidor.vhd                      ; yes             ; Auto-Found VHDL File  ; /home/danzambuja/Quartus/Projetos/P1/hierarquico_restored/medidor.vhd                     ;         ;
; controle.vhd                     ; yes             ; Auto-Found VHDL File  ; /home/danzambuja/Quartus/Projetos/P1/hierarquico_restored/controle.vhd                    ;         ;
; V74x163.vhd                      ; yes             ; Auto-Found VHDL File  ; /home/danzambuja/Quartus/Projetos/P1/hierarquico_restored/V74x163.vhd                     ;         ;
; reg4bits_en.vhd                  ; yes             ; Auto-Found VHDL File  ; /home/danzambuja/Quartus/Projetos/P1/hierarquico_restored/reg4bits_en.vhd                 ;         ;
; SomadorBCD.vhd                   ; yes             ; Auto-Found VHDL File  ; /home/danzambuja/Quartus/Projetos/P1/hierarquico_restored/SomadorBCD.vhd                  ;         ;
; Somador4bits_comportamental.vhd  ; yes             ; Auto-Found VHDL File  ; /home/danzambuja/Quartus/Projetos/P1/hierarquico_restored/Somador4bits_comportamental.vhd ;         ;
; DetectorCodigoInvalido.vhd       ; yes             ; Auto-Found VHDL File  ; /home/danzambuja/Quartus/Projetos/P1/hierarquico_restored/DetectorCodigoInvalido.vhd      ;         ;
+----------------------------------+-----------------+-----------------------+-------------------------------------------------------------------------------------------+---------+


+-----------------------------------------------------------+
; Analysis & Synthesis Resource Usage Summary               ;
+---------------------------------------------+-------------+
; Resource                                    ; Usage       ;
+---------------------------------------------+-------------+
; Estimate of Logic utilization (ALMs needed) ; 26          ;
;                                             ;             ;
; Combinational ALUT usage for logic          ; 46          ;
;     -- 7 input functions                    ; 0           ;
;     -- 6 input functions                    ; 1           ;
;     -- 5 input functions                    ; 2           ;
;     -- 4 input functions                    ; 27          ;
;     -- <=3 input functions                  ; 16          ;
;                                             ;             ;
; Dedicated logic registers                   ; 32          ;
;                                             ;             ;
; I/O pins                                    ; 49          ;
;                                             ;             ;
; Total DSP Blocks                            ; 0           ;
;                                             ;             ;
; Maximum fan-out node                        ; clock~input ;
; Maximum fan-out                             ; 32          ;
; Total fan-out                               ; 352         ;
; Average fan-out                             ; 2.00        ;
+---------------------------------------------+-------------+


+-------------------------------------------------------------------------------------------------------------------------------------------------------------------------------------------------------------+
; Analysis & Synthesis Resource Utilization by Entity                                                                                                                                                         ;
+----------------------------------------+-------------------+--------------+-------------------+------------+------+--------------+-----------------------------------------------------------+--------------+
; Compilation Hierarchy Node             ; LC Combinationals ; LC Registers ; Block Memory Bits ; DSP Blocks ; Pins ; Virtual Pins ; Full Hierarchy Name                                       ; Library Name ;
+----------------------------------------+-------------------+--------------+-------------------+------------+------+--------------+-----------------------------------------------------------+--------------+
; |hierarquico                           ; 46 (0)            ; 32 (0)       ; 0                 ; 0          ; 49   ; 0            ; |hierarquico                                              ; work         ;
;    |SomadorBCD:S1|                     ; 8 (0)             ; 0 (0)        ; 0                 ; 0          ; 0    ; 0            ; |hierarquico|SomadorBCD:S1                                ; work         ;
;       |Somador4bits_comportamental:s1| ; 5 (5)             ; 0 (0)        ; 0                 ; 0          ; 0    ; 0            ; |hierarquico|SomadorBCD:S1|Somador4bits_comportamental:s1 ; work         ;
;       |Somador4bits_comportamental:s2| ; 3 (3)             ; 0 (0)        ; 0                 ; 0          ; 0    ; 0            ; |hierarquico|SomadorBCD:S1|Somador4bits_comportamental:s2 ; work         ;
;    |controlador:C1|                    ; 7 (7)             ; 8 (8)        ; 0                 ; 0          ; 0    ; 0            ; |hierarquico|controlador:C1                               ; work         ;
;    |hex7seg_en:Dmedida|                ; 7 (7)             ; 0 (0)        ; 0                 ; 0          ; 0    ; 0            ; |hierarquico|hex7seg_en:Dmedida                           ; work         ;
;    |hex7seg_en:Ds_medida|              ; 7 (7)             ; 0 (0)        ; 0                 ; 0          ; 0    ; 0            ; |hierarquico|hex7seg_en:Ds_medida                         ; work         ;
;    |hex7seg_en:Dsoma|                  ; 7 (7)             ; 0 (0)        ; 0                 ; 0          ; 0    ; 0            ; |hierarquico|hex7seg_en:Dsoma                             ; work         ;
;    |medidor:A1|                        ; 8 (0)             ; 8 (0)        ; 0                 ; 0          ; 0    ; 0            ; |hierarquico|medidor:A1                                   ; work         ;
;       |V74x163:D2|                     ; 5 (5)             ; 4 (4)        ; 0                 ; 0          ; 0    ; 0            ; |hierarquico|medidor:A1|V74x163:D2                        ; work         ;
;       |controle:C1|                    ; 3 (3)             ; 4 (4)        ; 0                 ; 0          ; 0    ; 0            ; |hierarquico|medidor:A1|controle:C1                       ; work         ;
;    |reg4bits_en:R1|                    ; 1 (1)             ; 8 (8)        ; 0                 ; 0          ; 0    ; 0            ; |hierarquico|reg4bits_en:R1                               ; work         ;
;    |reg4bits_en:R2|                    ; 1 (1)             ; 8 (8)        ; 0                 ; 0          ; 0    ; 0            ; |hierarquico|reg4bits_en:R2                               ; work         ;
+----------------------------------------+-------------------+--------------+-------------------+------------+------+--------------+-----------------------------------------------------------+--------------+
Note: For table entries with two numbers listed, the numbers in parentheses indicate the number of resources of the given type used by the specific entity alone. The numbers listed outside of parentheses indicate the total resources of the given type used by the specific entity and all of its sub-entities in the hierarchy.


Encoding Type:  One-Hot
+--------------------------------------------------------------------------------------------------------------------------------------+
; State Machine - |hierarquico|controlador:C1|Ereg                                                                                     ;
+-----------------+-------------+-----------------+-----------+---------------+--------------+---------------+-----------+-------------+
; Name            ; Ereg.espera ; Ereg.esperasoma ; Ereg.soma ; Ereg.registra ; Ereg.medindo ; Ereg.iniciado ; Ereg.zera ; Ereg.parado ;
+-----------------+-------------+-----------------+-----------+---------------+--------------+---------------+-----------+-------------+
; Ereg.parado     ; 0           ; 0               ; 0         ; 0             ; 0            ; 0             ; 0         ; 0           ;
; Ereg.zera       ; 0           ; 0               ; 0         ; 0             ; 0            ; 0             ; 1         ; 1           ;
; Ereg.iniciado   ; 0           ; 0               ; 0         ; 0             ; 0            ; 1             ; 0         ; 1           ;
; Ereg.medindo    ; 0           ; 0               ; 0         ; 0             ; 1            ; 0             ; 0         ; 1           ;
; Ereg.registra   ; 0           ; 0               ; 0         ; 1             ; 0            ; 0             ; 0         ; 1           ;
; Ereg.soma       ; 0           ; 0               ; 1         ; 0             ; 0            ; 0             ; 0         ; 1           ;
; Ereg.esperasoma ; 0           ; 1               ; 0         ; 0             ; 0            ; 0             ; 0         ; 1           ;
; Ereg.espera     ; 1           ; 0               ; 0         ; 0             ; 0            ; 0             ; 0         ; 1           ;
+-----------------+-------------+-----------------+-----------+---------------+--------------+---------------+-----------+-------------+


Encoding Type:  One-Hot
+--------------------------------------------------------------------------------------------------+
; State Machine - |hierarquico|medidor:A1|controle:C1|Ereg                                         ;
+--------------+--------------+-------------+------------+------------+-------------+--------------+
; Name         ; Ereg.EPRONTO ; Ereg.ESPERA ; Ereg.LIMPA ; Ereg.CONTA ; Ereg.LIGADO ; Ereg.INICIAL ;
+--------------+--------------+-------------+------------+------------+-------------+--------------+
; Ereg.INICIAL ; 0            ; 0           ; 0          ; 0          ; 0           ; 0            ;
; Ereg.LIGADO  ; 0            ; 0           ; 0          ; 0          ; 1           ; 1            ;
; Ereg.CONTA   ; 0            ; 0           ; 0          ; 1          ; 0           ; 1            ;
; Ereg.LIMPA   ; 0            ; 0           ; 1          ; 0          ; 0           ; 1            ;
; Ereg.ESPERA  ; 0            ; 1           ; 0          ; 0          ; 0           ; 1            ;
; Ereg.EPRONTO ; 1            ; 0           ; 0          ; 0          ; 0           ; 1            ;
+--------------+--------------+-------------+------------+------------+-------------+--------------+


+------------------------------------------------------------+
; Registers Removed During Synthesis                         ;
+---------------------------------------+--------------------+
; Register name                         ; Reason for Removal ;
+---------------------------------------+--------------------+
; medidor:A1|controle:C1|Ereg.LIGADO    ; Lost fanout        ;
; medidor:A1|controle:C1|Ereg.ESPERA    ; Lost fanout        ;
; Total Number of Removed Registers = 2 ;                    ;
+---------------------------------------+--------------------+


+------------------------------------------------------+
; General Register Statistics                          ;
+----------------------------------------------+-------+
; Statistic                                    ; Value ;
+----------------------------------------------+-------+
; Total registers                              ; 32    ;
; Number of registers using Synchronous Clear  ; 8     ;
; Number of registers using Synchronous Load   ; 0     ;
; Number of registers using Asynchronous Clear ; 12    ;
; Number of registers using Asynchronous Load  ; 0     ;
; Number of registers using Clock Enable       ; 12    ;
; Number of registers using Preset             ; 0     ;
+----------------------------------------------+-------+


+--------------------------------------------------------------------------------------------------------------------------------------------------------+
; Multiplexer Restructuring Statistics (Restructuring Performed)                                                                                         ;
+--------------------+-----------+---------------+----------------------+------------------------+------------+------------------------------------------+
; Multiplexer Inputs ; Bus Width ; Baseline Area ; Area if Restructured ; Saving if Restructured ; Registered ; Example Multiplexer Output               ;
+--------------------+-----------+---------------+----------------------+------------------------+------------+------------------------------------------+
; 3:1                ; 4 bits    ; 8 LEs         ; 4 LEs                ; 4 LEs                  ; Yes        ; |hierarquico|reg4bits_en:R1|IQ[3]        ;
; 3:1                ; 4 bits    ; 8 LEs         ; 4 LEs                ; 4 LEs                  ; Yes        ; |hierarquico|reg4bits_en:R2|IQ[0]        ;
; 3:1                ; 4 bits    ; 8 LEs         ; 4 LEs                ; 4 LEs                  ; Yes        ; |hierarquico|medidor:A1|V74x163:D2|IQ[3] ;
+--------------------+-----------+---------------+----------------------+------------------------+------------+------------------------------------------+


+----------------------------------------------+
; Port Connectivity Checks: "hex7seg_en:Dsoma" ;
+--------+-------+----------+------------------+
; Port   ; Type  ; Severity ; Details          ;
+--------+-------+----------+------------------+
; enable ; Input ; Info     ; Stuck at VCC     ;
+--------+-------+----------+------------------+


+--------------------------------------------------+
; Port Connectivity Checks: "hex7seg_en:Ds_medida" ;
+--------+-------+----------+----------------------+
; Port   ; Type  ; Severity ; Details              ;
+--------+-------+----------+----------------------+
; enable ; Input ; Info     ; Stuck at VCC         ;
+--------+-------+----------+----------------------+


+------------------------------------------------+
; Port Connectivity Checks: "hex7seg_en:Dmedida" ;
+--------+-------+----------+--------------------+
; Port   ; Type  ; Severity ; Details            ;
+--------+-------+----------+--------------------+
; enable ; Input ; Info     ; Stuck at VCC       ;
+--------+-------+----------+--------------------+


+----------------------------------------------------------------------------------------------------------------+
; Port Connectivity Checks: "SomadorBCD:S1|Somador4bits_comportamental:s2"                                       ;
+------+--------+----------+-------------------------------------------------------------------------------------+
; Port ; Type   ; Severity ; Details                                                                             ;
+------+--------+----------+-------------------------------------------------------------------------------------+
; a[3] ; Input  ; Info     ; Stuck at GND                                                                        ;
; a[0] ; Input  ; Info     ; Stuck at GND                                                                        ;
; cin  ; Input  ; Info     ; Stuck at GND                                                                        ;
; cout ; Output ; Info     ; Connected to dangling logic. Logic that only feeds a dangling port will be removed. ;
+------+--------+----------+-------------------------------------------------------------------------------------+


+-------------------------------------------------------------------------------------------------------------------+
; Port Connectivity Checks: "SomadorBCD:S1"                                                                         ;
+---------+--------+----------+-------------------------------------------------------------------------------------+
; Port    ; Type   ; Severity ; Details                                                                             ;
+---------+--------+----------+-------------------------------------------------------------------------------------+
; vem_um  ; Input  ; Info     ; Stuck at GND                                                                        ;
; vai_um  ; Output ; Info     ; Connected to dangling logic. Logic that only feeds a dangling port will be removed. ;
; s_cout1 ; Output ; Info     ; Connected to dangling logic. Logic that only feeds a dangling port will be removed. ;
; s_soma1 ; Output ; Info     ; Connected to dangling logic. Logic that only feeds a dangling port will be removed. ;
+---------+--------+----------+-------------------------------------------------------------------------------------+


+---------------------------------------------------+
; Port Connectivity Checks: "medidor:A1|V74x163:D2" ;
+------+-------+----------+-------------------------+
; Port ; Type  ; Severity ; Details                 ;
+------+-------+----------+-------------------------+
; ld_l ; Input ; Info     ; Stuck at VCC            ;
; enp  ; Input ; Info     ; Stuck at VCC            ;
; d    ; Input ; Info     ; Stuck at GND            ;
+------+-------+----------+-------------------------+


+----------------------------------------------------------------------------------------------------------------+
; Port Connectivity Checks: "medidor:A1"                                                                         ;
+------+--------+----------+-------------------------------------------------------------------------------------+
; Port ; Type   ; Severity ; Details                                                                             ;
+------+--------+----------+-------------------------------------------------------------------------------------+
; rco  ; Output ; Info     ; Connected to dangling logic. Logic that only feeds a dangling port will be removed. ;
+------+--------+----------+-------------------------------------------------------------------------------------+


+-----------------------------------------------------+
; Post-Synthesis Netlist Statistics for Top Partition ;
+-----------------------+-----------------------------+
; Type                  ; Count                       ;
+-----------------------+-----------------------------+
; arriav_ff             ; 32                          ;
;     CLR               ; 12                          ;
;     ENA               ; 4                           ;
;     ENA SCLR          ; 8                           ;
;     plain             ; 8                           ;
; arriav_lcell_comb     ; 49                          ;
;     normal            ; 41                          ;
;         1 data inputs ; 3                           ;
;         2 data inputs ; 6                           ;
;         3 data inputs ; 4                           ;
;         4 data inputs ; 25                          ;
;         5 data inputs ; 2                           ;
;         6 data inputs ; 1                           ;
;     shared            ; 8                           ;
;         0 data inputs ; 1                           ;
;         1 data inputs ; 1                           ;
;         2 data inputs ; 4                           ;
;         4 data inputs ; 2                           ;
; boundary_port         ; 49                          ;
;                       ;                             ;
; Max LUT depth         ; 2.60                        ;
; Average LUT depth     ; 1.40                        ;
+-----------------------+-----------------------------+


+-------------------------------+
; Elapsed Time Per Partition    ;
+----------------+--------------+
; Partition Name ; Elapsed Time ;
+----------------+--------------+
; Top            ; 00:00:00     ;
+----------------+--------------+


+-------------------------------+
; Analysis & Synthesis Messages ;
+-------------------------------+
Info: *******************************************************************
Info: Running Quartus Prime Analysis & Synthesis
    Info: Version 15.1.0 Build 185 10/21/2015 SJ Lite Edition
    Info: Processing started: Thu Mar  2 22:06:38 2017
Info: Command: quartus_map --read_settings_files=on --write_settings_files=off hierarquico -c hierarquico
Warning (20028): Parallel compilation is not licensed and has been disabled
Info (12021): Found 2 design units, including 1 entities, in source file hierarquico.vhd
    Info (12022): Found design unit 1: hierarquico-hierarquica File: /home/danzambuja/Quartus/Projetos/P1/hierarquico_restored/hierarquico.vhd Line: 16
    Info (12023): Found entity 1: hierarquico File: /home/danzambuja/Quartus/Projetos/P1/hierarquico_restored/hierarquico.vhd Line: 4
Info (12021): Found 2 design units, including 1 entities, in source file controlador.vhd
    Info (12022): Found design unit 1: controlador-controlador File: /home/danzambuja/Quartus/Projetos/P1/hierarquico_restored/controlador.vhd Line: 9
    Info (12023): Found entity 1: controlador File: /home/danzambuja/Quartus/Projetos/P1/hierarquico_restored/controlador.vhd Line: 4
Info (12021): Found 2 design units, including 1 entities, in source file /home/danzambuja/Quartus/Projetos/P1/hex7seg_en.vhd
    Info (12022): Found design unit 1: hex7seg_en-hex7seg_en File: /home/danzambuja/Quartus/Projetos/P1/hex7seg_en.vhd Line: 12
    Info (12023): Found entity 1: hex7seg_en File: /home/danzambuja/Quartus/Projetos/P1/hex7seg_en.vhd Line: 4
Info (15248): File "/home/danzambuja/Quartus/Projetos/P1/hierarquico_restored/hex7seg_en.vhd" is a duplicate of already analyzed file "/home/danzambuja/Quartus/Projetos/P1/hex7seg_en.vhd" (same filename, same library name and same md5 digest). Skipping analysis of this file.
Info (12021): Found 0 design units, including 0 entities, in source file hex7seg_en.vhd
Info (12127): Elaborating entity "hierarquico" for the top level hierarchy
Warning (12125): Using design file medidor.vhd, which is not specified as a design file for the current project, but contains definitions for 2 design units and 1 entities in project
    Info (12022): Found design unit 1: medidor-medidor File: /home/danzambuja/Quartus/Projetos/P1/hierarquico_restored/medidor.vhd Line: 12
    Info (12023): Found entity 1: medidor File: /home/danzambuja/Quartus/Projetos/P1/hierarquico_restored/medidor.vhd Line: 5
Info (12128): Elaborating entity "medidor" for hierarchy "medidor:A1" File: /home/danzambuja/Quartus/Projetos/P1/hierarquico_restored/hierarquico.vhd Line: 58
Warning (12125): Using design file controle.vhd, which is not specified as a design file for the current project, but contains definitions for 2 design units and 1 entities in project
    Info (12022): Found design unit 1: controle-controle File: /home/danzambuja/Quartus/Projetos/P1/hierarquico_restored/controle.vhd Line: 10
    Info (12023): Found entity 1: controle File: /home/danzambuja/Quartus/Projetos/P1/hierarquico_restored/controle.vhd Line: 4
Info (12128): Elaborating entity "controle" for hierarchy "medidor:A1|controle:C1" File: /home/danzambuja/Quartus/Projetos/P1/hierarquico_restored/medidor.vhd Line: 29
Warning (12125): Using design file V74x163.vhd, which is not specified as a design file for the current project, but contains definitions for 2 design units and 1 entities in project
    Info (12022): Found design unit 1: V74x163-V74x163_arch File: /home/danzambuja/Quartus/Projetos/P1/hierarquico_restored/V74x163.vhd Line: 12
    Info (12023): Found entity 1: V74x163 File: /home/danzambuja/Quartus/Projetos/P1/hierarquico_restored/V74x163.vhd Line: 5
Info (12128): Elaborating entity "V74x163" for hierarchy "medidor:A1|V74x163:D2" File: /home/danzambuja/Quartus/Projetos/P1/hierarquico_restored/medidor.vhd Line: 30
Info (12128): Elaborating entity "controlador" for hierarchy "controlador:C1" File: /home/danzambuja/Quartus/Projetos/P1/hierarquico_restored/hierarquico.vhd Line: 59
Warning (10492): VHDL Process Statement warning at controlador.vhd(24): signal "Ereg" is read inside the Process Statement but isn't in the Process Statement's sensitivity list File: /home/danzambuja/Quartus/Projetos/P1/hierarquico_restored/controlador.vhd Line: 24
Warning (12125): Using design file reg4bits_en.vhd, which is not specified as a design file for the current project, but contains definitions for 2 design units and 1 entities in project
    Info (12022): Found design unit 1: reg4bits_en-reg4bits_en File: /home/danzambuja/Quartus/Projetos/P1/hierarquico_restored/reg4bits_en.vhd Line: 11
    Info (12023): Found entity 1: reg4bits_en File: /home/danzambuja/Quartus/Projetos/P1/hierarquico_restored/reg4bits_en.vhd Line: 5
Info (12128): Elaborating entity "reg4bits_en" for hierarchy "reg4bits_en:R1" File: /home/danzambuja/Quartus/Projetos/P1/hierarquico_restored/hierarquico.vhd Line: 60
Warning (12125): Using design file SomadorBCD.vhd, which is not specified as a design file for the current project, but contains definitions for 2 design units and 1 entities in project
    Info (12022): Found design unit 1: SomadorBCD-estrutural File: /home/danzambuja/Quartus/Projetos/P1/hierarquico_restored/SomadorBCD.vhd Line: 14
    Info (12023): Found entity 1: SomadorBCD File: /home/danzambuja/Quartus/Projetos/P1/hierarquico_restored/SomadorBCD.vhd Line: 4
Info (12128): Elaborating entity "SomadorBCD" for hierarchy "SomadorBCD:S1" File: /home/danzambuja/Quartus/Projetos/P1/hierarquico_restored/hierarquico.vhd Line: 62
Warning (10036): Verilog HDL or VHDL warning at SomadorBCD.vhd(28): object "y" assigned a value but never read File: /home/danzambuja/Quartus/Projetos/P1/hierarquico_restored/SomadorBCD.vhd Line: 28
Warning (12125): Using design file Somador4bits_comportamental.vhd, which is not specified as a design file for the current project, but contains definitions for 2 design units and 1 entities in project
    Info (12022): Found design unit 1: Somador4bits_comportamental-comportamental File: /home/danzambuja/Quartus/Projetos/P1/hierarquico_restored/Somador4bits_comportamental.vhd Line: 12
    Info (12023): Found entity 1: Somador4bits_comportamental File: /home/danzambuja/Quartus/Projetos/P1/hierarquico_restored/Somador4bits_comportamental.vhd Line: 5
Info (12128): Elaborating entity "Somador4bits_comportamental" for hierarchy "SomadorBCD:S1|Somador4bits_comportamental:s1" File: /home/danzambuja/Quartus/Projetos/P1/hierarquico_restored/SomadorBCD.vhd Line: 32
Warning (12125): Using design file DetectorCodigoInvalido.vhd, which is not specified as a design file for the current project, but contains definitions for 2 design units and 1 entities in project
    Info (12022): Found design unit 1: DetectorCodigoInvalido-Detector File: /home/danzambuja/Quartus/Projetos/P1/hierarquico_restored/DetectorCodigoInvalido.vhd Line: 9
    Info (12023): Found entity 1: DetectorCodigoInvalido File: /home/danzambuja/Quartus/Projetos/P1/hierarquico_restored/DetectorCodigoInvalido.vhd Line: 4
Info (12128): Elaborating entity "DetectorCodigoInvalido" for hierarchy "SomadorBCD:S1|DetectorCodigoInvalido:d1" File: /home/danzambuja/Quartus/Projetos/P1/hierarquico_restored/SomadorBCD.vhd Line: 34
Info (12128): Elaborating entity "hex7seg_en" for hierarchy "hex7seg_en:Dmedida" File: /home/danzambuja/Quartus/Projetos/P1/hierarquico_restored/hierarquico.vhd Line: 63
Info (286030): Timing-Driven Synthesis is running
Info (17049): 2 registers lost all their fanouts during netlist optimizations.
Info (16010): Generating hard_block partition "hard_block:auto_generated_inst"
    Info (16011): Adding 0 node(s), including 0 DDIO, 0 PLL, 0 transceiver and 0 LCELL
Info (21057): Implemented 114 device resources after synthesis - the final resource count might be different
    Info (21058): Implemented 5 input pins
    Info (21059): Implemented 44 output pins
    Info (21061): Implemented 65 logic cells
Info: Quartus Prime Analysis & Synthesis was successful. 0 errors, 10 warnings
    Info: Peak virtual memory: 1244 megabytes
    Info: Processing ended: Thu Mar  2 22:06:57 2017
    Info: Elapsed time: 00:00:19
    Info: Total CPU time (on all processors): 00:00:27


