Flow report for medidor
Fri Feb  3 03:08:34 2017
Quartus Prime Version 15.1.0 Build 185 10/21/2015 SJ Lite Edition


---------------------
; Table of Contents ;
---------------------
  1. Legal Notice
  2. Flow Summary
  3. Flow Settings
  4. Flow Non-Default Global Settings
  5. Flow Elapsed Time
  6. Flow OS Summary
  7. Flow Log
  8. Flow Messages
  9. Flow Suppressed Messages



----------------
; Legal Notice ;
----------------
Copyright (C) 1991-2015 Altera Corporation. All rights reserved.
Your use of Altera Corporation's design tools, logic functions 
and other software and tools, and its AMPP partner logic 
functions, and any output files from any of the foregoing 
(including device programming or simulation files), and any 
associated documentation or information are expressly subject 
to the terms and conditions of the Altera Program License 
Subscription Agreement, the Altera Quartus Prime License Agreement,
the Altera MegaCore Function License Agreement, or other 
applicable license agreement, including, without limitation, 
that your use is for the sole purpose of programming logic 
devices manufactured by Altera and sold by Altera or its 
authorized distributors.  Please refer to the applicable 
agreement for further details.



+-------------------------------------------------------------------------------+
; Flow Summary                                                                  ;
+---------------------------------+---------------------------------------------+
; Flow Status                     ; Successful - Fri Feb  3 03:08:34 2017       ;
; Quartus Prime Version           ; 15.1.0 Build 185 10/21/2015 SJ Lite Edition ;
; Revision Name                   ; medidor                                     ;
; Top-level Entity Name           ; medidor                                     ;
; Family                          ; Cyclone V                                   ;
; Device                          ; 5CEBA4F23C7                                 ;
; Timing Models                   ; Final                                       ;
; Logic utilization (in ALMs)     ; 7 / 18,480 ( < 1 % )                        ;
; Total registers                 ; 11                                          ;
; Total pins                      ; 18 / 224 ( 8 % )                            ;
; Total virtual pins              ; 0                                           ;
; Total block memory bits         ; 0 / 3,153,920 ( 0 % )                       ;
; Total DSP Blocks                ; 0 / 66 ( 0 % )                              ;
; Total HSSI RX PCSs              ; 0                                           ;
; Total HSSI PMA RX Deserializers ; 0                                           ;
; Total HSSI TX PCSs              ; 0                                           ;
; Total HSSI PMA TX Serializers   ; 0                                           ;
; Total PLLs                      ; 0 / 4 ( 0 % )                               ;
; Total DLLs                      ; 0 / 4 ( 0 % )                               ;
+---------------------------------+---------------------------------------------+


+-----------------------------------------+
; Flow Settings                           ;
+-------------------+---------------------+
; Option            ; Setting             ;
+-------------------+---------------------+
; Start date & time ; 02/03/2017 02:42:45 ;
; Main task         ; Compilation         ;
; Revision Name     ; medidor             ;
+-------------------+---------------------+


+-------------------------------------------------------------------------------------------------------------+
; Flow Non-Default Global Settings                                                                            ;
+-------------------------------------+------------------------+---------------+-------------+----------------+
; Assignment Name                     ; Value                  ; Default Value ; Entity Name ; Section Id     ;
+-------------------------------------+------------------------+---------------+-------------+----------------+
; COMPILER_SIGNATURE_ID               ; 0.148609696505310      ; --            ; --          ; --             ;
; EDA_OUTPUT_DATA_FORMAT              ; Vhdl                   ; --            ; --          ; eda_simulation ;
; EDA_SIMULATION_TOOL                 ; ModelSim-Altera (VHDL) ; <None>        ; --          ; --             ;
; MAX_CORE_JUNCTION_TEMP              ; 85                     ; --            ; --          ; --             ;
; MIN_CORE_JUNCTION_TEMP              ; 0                      ; --            ; --          ; --             ;
; PARTITION_COLOR                     ; 16764057               ; --            ; --          ; Top            ;
; PARTITION_FITTER_PRESERVATION_LEVEL ; PLACEMENT_AND_ROUTING  ; --            ; --          ; Top            ;
; PARTITION_NETLIST_TYPE              ; SOURCE                 ; --            ; --          ; Top            ;
; PROJECT_OUTPUT_DIRECTORY            ; output_files           ; --            ; --          ; --             ;
+-------------------------------------+------------------------+---------------+-------------+----------------+


+-------------------------------------------------------------------------------------------------------------------------------+
; Flow Elapsed Time                                                                                                             ;
+---------------------------+--------------+-------------------------+---------------------+------------------------------------+
; Module Name               ; Elapsed Time ; Average Processors Used ; Peak Virtual Memory ; Total CPU Time (on all processors) ;
+---------------------------+--------------+-------------------------+---------------------+------------------------------------+
; Analysis & Synthesis      ; 00:01:00     ; 1.0                     ; 1234 MB             ; 00:01:06                           ;
; Fitter                    ; 00:01:32     ; 1.0                     ; 1878 MB             ; 00:01:29                           ;
; Assembler                 ; 00:00:15     ; 1.0                     ; 1128 MB             ; 00:00:14                           ;
; TimeQuest Timing Analyzer ; 00:00:15     ; 1.0                     ; 1264 MB             ; 00:00:14                           ;
; EDA Netlist Writer        ; 00:00:03     ; 1.0                     ; 1324 MB             ; 00:00:03                           ;
; EDA Netlist Writer        ; 00:00:01     ; 1.0                     ; 1307 MB             ; 00:00:01                           ;
; EDA Netlist Writer        ; 00:00:02     ; 1.0                     ; 1311 MB             ; 00:00:02                           ;
; EDA Netlist Writer        ; 00:00:01     ; 1.0                     ; 1308 MB             ; 00:00:01                           ;
; EDA Netlist Writer        ; 00:00:01     ; 1.0                     ; 1312 MB             ; 00:00:01                           ;
; Total                     ; 00:03:10     ; --                      ; --                  ; 00:03:11                           ;
+---------------------------+--------------+-------------------------+---------------------+------------------------------------+


+------------------------------------------------------------------------------------------------+
; Flow OS Summary                                                                                ;
+---------------------------+-----------------------+--------------+------------+----------------+
; Module Name               ; Machine Hostname      ; OS Name      ; OS Version ; Processor type ;
+---------------------------+-----------------------+--------------+------------+----------------+
; Analysis & Synthesis      ; danzambuja-VirtualBox ; Ubuntu 16.10 ; 16         ; x86_64         ;
; Fitter                    ; danzambuja-VirtualBox ; Ubuntu 16.10 ; 16         ; x86_64         ;
; Assembler                 ; danzambuja-VirtualBox ; Ubuntu 16.10 ; 16         ; x86_64         ;
; TimeQuest Timing Analyzer ; danzambuja-VirtualBox ; Ubuntu 16.10 ; 16         ; x86_64         ;
; EDA Netlist Writer        ; danzambuja-VirtualBox ; Ubuntu 16.10 ; 16         ; x86_64         ;
; EDA Netlist Writer        ; danzambuja-VirtualBox ; Ubuntu 16.10 ; 16         ; x86_64         ;
; EDA Netlist Writer        ; danzambuja-VirtualBox ; Ubuntu 16.10 ; 16         ; x86_64         ;
; EDA Netlist Writer        ; danzambuja-VirtualBox ; Ubuntu 16.10 ; 16         ; x86_64         ;
; EDA Netlist Writer        ; danzambuja-VirtualBox ; Ubuntu 16.10 ; 16         ; x86_64         ;
+---------------------------+-----------------------+--------------+------------+----------------+


------------
; Flow Log ;
------------
quartus_map --read_settings_files=on --write_settings_files=off medidor -c medidor
quartus_fit --read_settings_files=off --write_settings_files=off medidor -c medidor
quartus_asm --read_settings_files=off --write_settings_files=off medidor -c medidor
quartus_sta medidor -c medidor
quartus_eda --read_settings_files=off --write_settings_files=off medidor -c medidor
quartus_eda --gen_testbench --tool=modelsim_oem --format=verilog --write_settings_files=off medidor -c medidor --vector_source=/home/danzambuja/Quartus/Projetos/Experimento4/Waveform.vwf --testbench_file=/home/danzambuja/Quartus/Projetos/Experimento4/simulation/qsim/Waveform.vwf.vt
quartus_eda --write_settings_files=off --functional=on --flatten_buses=off --simulation=on --tool=modelsim_oem --format=verilog --output_directory=/home/danzambuja/Quartus/Projetos/Experimento4/simulation/qsim/ medidor -c medidor
quartus_sh --archive -revision medidor -output /home/danzambuja/Desktop/medidor.qar medidor
quartus_eda --gen_testbench --tool=modelsim_oem --format=verilog --write_settings_files=off medidor -c medidor --vector_source=/home/danzambuja/Quartus/Projetos/Experimento4/Waveform.vwf --testbench_file=/home/danzambuja/Quartus/Projetos/Experimento4/simulation/qsim/Waveform.vwf.vt
quartus_eda --write_settings_files=off --functional=on --flatten_buses=off --simulation=on --tool=modelsim_oem --format=verilog --output_directory=/home/danzambuja/Quartus/Projetos/Experimento4/simulation/qsim/ medidor -c medidor



