Flow report for Jogo_Reacao
Mon Mar 20 11:45:30 2017
Quartus Prime Version 15.1.0 Build 185 10/21/2015 SJ Lite Edition


---------------------
; Table of Contents ;
---------------------
  1. Legal Notice
  2. Flow Summary
  3. Flow Settings
  4. Flow Non-Default Global Settings
  5. Flow Elapsed Time
  6. Flow OS Summary
  7. Flow Log
  8. Flow Messages
  9. Flow Suppressed Messages



----------------
; Legal Notice ;
----------------
Copyright (C) 1991-2015 Altera Corporation. All rights reserved.
Your use of Altera Corporation's design tools, logic functions 
and other software and tools, and its AMPP partner logic 
functions, and any output files from any of the foregoing 
(including device programming or simulation files), and any 
associated documentation or information are expressly subject 
to the terms and conditions of the Altera Program License 
Subscription Agreement, the Altera Quartus Prime License Agreement,
the Altera MegaCore Function License Agreement, or other 
applicable license agreement, including, without limitation, 
that your use is for the sole purpose of programming logic 
devices manufactured by Altera and sold by Altera or its 
authorized distributors.  Please refer to the applicable 
agreement for further details.



+-------------------------------------------------------------------------------+
; Flow Summary                                                                  ;
+---------------------------------+---------------------------------------------+
; Flow Status                     ; Successful - Mon Mar 20 11:45:30 2017       ;
; Quartus Prime Version           ; 15.1.0 Build 185 10/21/2015 SJ Lite Edition ;
; Revision Name                   ; Jogo_Reacao                                 ;
; Top-level Entity Name           ; Jogo_Reacao                                 ;
; Family                          ; Cyclone V                                   ;
; Device                          ; 5CGXFC7C7F23C8                              ;
; Timing Models                   ; Final                                       ;
; Logic utilization (in ALMs)     ; 184 / 56,480 ( < 1 % )                      ;
; Total registers                 ; 83                                          ;
; Total pins                      ; 46 / 268 ( 17 % )                           ;
; Total virtual pins              ; 0                                           ;
; Total block memory bits         ; 0 / 7,024,640 ( 0 % )                       ;
; Total DSP Blocks                ; 0 / 156 ( 0 % )                             ;
; Total HSSI RX PCSs              ; 0 / 6 ( 0 % )                               ;
; Total HSSI PMA RX Deserializers ; 0 / 6 ( 0 % )                               ;
; Total HSSI TX PCSs              ; 0 / 6 ( 0 % )                               ;
; Total HSSI PMA TX Serializers   ; 0 / 6 ( 0 % )                               ;
; Total PLLs                      ; 0 / 13 ( 0 % )                              ;
; Total DLLs                      ; 0 / 4 ( 0 % )                               ;
+---------------------------------+---------------------------------------------+


+-----------------------------------------+
; Flow Settings                           ;
+-------------------+---------------------+
; Option            ; Setting             ;
+-------------------+---------------------+
; Start date & time ; 03/20/2017 11:38:04 ;
; Main task         ; Compilation         ;
; Revision Name     ; Jogo_Reacao         ;
+-------------------+---------------------+


+-------------------------------------------------------------------------------------------------------------+
; Flow Non-Default Global Settings                                                                            ;
+-------------------------------------+------------------------+---------------+-------------+----------------+
; Assignment Name                     ; Value                  ; Default Value ; Entity Name ; Section Id     ;
+-------------------------------------+------------------------+---------------+-------------+----------------+
; COMPILER_SIGNATURE_ID               ; 0.149002068403393      ; --            ; --          ; --             ;
; EDA_OUTPUT_DATA_FORMAT              ; Vhdl                   ; --            ; --          ; eda_simulation ;
; EDA_SIMULATION_TOOL                 ; ModelSim-Altera (VHDL) ; <None>        ; --          ; --             ;
; PARTITION_COLOR                     ; 16764057               ; --            ; --          ; Top            ;
; PARTITION_FITTER_PRESERVATION_LEVEL ; PLACEMENT_AND_ROUTING  ; --            ; --          ; Top            ;
; PARTITION_NETLIST_TYPE              ; SOURCE                 ; --            ; --          ; Top            ;
; PROJECT_OUTPUT_DIRECTORY            ; output_files           ; --            ; --          ; --             ;
+-------------------------------------+------------------------+---------------+-------------+----------------+


+-------------------------------------------------------------------------------------------------------------------------------+
; Flow Elapsed Time                                                                                                             ;
+---------------------------+--------------+-------------------------+---------------------+------------------------------------+
; Module Name               ; Elapsed Time ; Average Processors Used ; Peak Virtual Memory ; Total CPU Time (on all processors) ;
+---------------------------+--------------+-------------------------+---------------------+------------------------------------+
; Analysis & Synthesis      ; 00:00:41     ; 1.0                     ; 1237 MB             ; 00:00:53                           ;
; Fitter                    ; 00:02:03     ; 1.0                     ; 2308 MB             ; 00:02:18                           ;
; Assembler                 ; 00:00:17     ; 1.0                     ; 1144 MB             ; 00:00:17                           ;
; TimeQuest Timing Analyzer ; 00:00:16     ; 1.0                     ; 1418 MB             ; 00:00:16                           ;
; EDA Netlist Writer        ; 00:00:03     ; 1.0                     ; 1346 MB             ; 00:00:03                           ;
; EDA Netlist Writer        ; 00:00:03     ; 1.0                     ; 1318 MB             ; 00:00:02                           ;
; EDA Netlist Writer        ; 00:00:02     ; 1.0                     ; 1326 MB             ; 00:00:02                           ;
; Total                     ; 00:03:25     ; --                      ; --                  ; 00:03:51                           ;
+---------------------------+--------------+-------------------------+---------------------+------------------------------------+


+------------------------------------------------------------------------------------------------+
; Flow OS Summary                                                                                ;
+---------------------------+-----------------------+--------------+------------+----------------+
; Module Name               ; Machine Hostname      ; OS Name      ; OS Version ; Processor type ;
+---------------------------+-----------------------+--------------+------------+----------------+
; Analysis & Synthesis      ; danzambuja-VirtualBox ; Ubuntu 16.10 ; 16         ; x86_64         ;
; Fitter                    ; danzambuja-VirtualBox ; Ubuntu 16.10 ; 16         ; x86_64         ;
; Assembler                 ; danzambuja-VirtualBox ; Ubuntu 16.10 ; 16         ; x86_64         ;
; TimeQuest Timing Analyzer ; danzambuja-VirtualBox ; Ubuntu 16.10 ; 16         ; x86_64         ;
; EDA Netlist Writer        ; danzambuja-VirtualBox ; Ubuntu 16.10 ; 16         ; x86_64         ;
; EDA Netlist Writer        ; danzambuja-VirtualBox ; Ubuntu 16.10 ; 16         ; x86_64         ;
; EDA Netlist Writer        ; danzambuja-VirtualBox ; Ubuntu 16.10 ; 16         ; x86_64         ;
+---------------------------+-----------------------+--------------+------------+----------------+


------------
; Flow Log ;
------------
quartus_map --read_settings_files=on --write_settings_files=off Jogo_Reacao -c Jogo_Reacao
quartus_fit --read_settings_files=off --write_settings_files=off Jogo_Reacao -c Jogo_Reacao
quartus_asm --read_settings_files=off --write_settings_files=off Jogo_Reacao -c Jogo_Reacao
quartus_sta Jogo_Reacao -c Jogo_Reacao
quartus_eda --read_settings_files=off --write_settings_files=off Jogo_Reacao -c Jogo_Reacao
quartus_eda --gen_testbench --tool=modelsim_oem --format=verilog --write_settings_files=off Jogo_Reacao -c Jogo_Reacao --vector_source=/home/danzambuja/Quartus/Projetos/Jogo_Reacao/Waveform1.vwf --testbench_file=/home/danzambuja/Quartus/Projetos/Jogo_Reacao/simulation/qsim/Waveform1.vwf.vt
quartus_eda --write_settings_files=off --functional=on --flatten_buses=off --simulation=on --tool=modelsim_oem --format=verilog --output_directory=/home/danzambuja/Quartus/Projetos/Jogo_Reacao/simulation/qsim/ Jogo_Reacao -c Jogo_Reacao



